Performing system checks...

System check identified no issues (0 silenced).
September 08, 2022 - 11:45:13
Django version 4.1, using settings 'youtubeDownload.settings'
Starting ASGI/Channels version 3.0.5 development server at http://0.0.0.0:8080/
Quit the server with CONTROL-C.
Performing system checks...

System check identified no issues (0 silenced).
September 09, 2022 - 11:14:31
Django version 4.1, using settings 'youtubeDownload.settings'
Starting ASGI/Channels version 3.0.5 development server at http://0.0.0.0:8080/
Quit the server with CONTROL-C.
Performing system checks...

System check identified no issues (0 silenced).
September 09, 2022 - 11:16:20
Django version 4.1, using settings 'youtubeDownload.settings'
Starting ASGI/Channels version 3.0.5 development server at http://0.0.0.0:8080/
Quit the server with CONTROL-C.
Performing system checks...

System check identified no issues (0 silenced).
September 09, 2022 - 11:16:29
Django version 4.1, using settings 'youtubeDownload.settings'
Starting ASGI/Channels version 3.0.5 development server at http://0.0.0.0:8080/
Quit the server with CONTROL-C.
Performing system checks...

System check identified no issues (0 silenced).
September 09, 2022 - 11:16:42
Django version 4.1, using settings 'youtubeDownload.settings'
Starting ASGI/Channels version 3.0.5 development server at http://0.0.0.0:8080/
Quit the server with CONTROL-C.
Performing system checks...

System check identified no issues (0 silenced).
September 09, 2022 - 11:17:40
Django version 4.1, using settings 'youtubeDownload.settings'
Starting ASGI/Channels version 3.0.5 development server at http://0.0.0.0:8080/
Quit the server with CONTROL-C.
Performing system checks...

Performing system checks...

Performing system checks...

Performing system checks...

System check identified no issues (0 silenced).
September 09, 2022 - 18:47:23
Django version 4.1, using settings 'youtubeDownload.settings'
Starting ASGI/Channels version 3.0.5 development server at http://0.0.0.0:8080/
Quit the server with CONTROL-C.
